0 info it worked if it ends with ok
1 verbose cli [ 'node',
1 verbose cli   '/home/sam/InstallationMajSem9/nodejs/bin/npm',
1 verbose cli   'start' ]
2 info using npm@3.10.8
3 info using node@v0.12.7
4 verbose run-script [ 'prestart', 'start', 'poststart' ]
5 info lifecycle tp-nodejs@1.0.0~prestart: tp-nodejs@1.0.0
6 silly lifecycle tp-nodejs@1.0.0~prestart: no script for prestart, continuing
7 info lifecycle tp-nodejs@1.0.0~start: tp-nodejs@1.0.0
8 verbose lifecycle tp-nodejs@1.0.0~start: unsafe-perm in lifecycle true
9 verbose lifecycle tp-nodejs@1.0.0~start: PATH: /home/sam/InstallationMajSem9/nodejs/lib/node_modules/npm/bin/node-gyp-bin:/home/sam/Documents/Maj_Sem9/NodeJS/tp/node_modules/.bin:/home/sam/InstallationMajSem9/jdk1.8.0_101/bin:/home/sam/InstallationMajSem9/apache-maven-3.3.9/bin:/home/sam/InstallationMajSem9/nodejs/bin:/usr/local/sbin:/usr/local/bin:/usr/sbin:/usr/bin:/sbin:/bin:/usr/games:/usr/local/games
10 verbose lifecycle tp-nodejs@1.0.0~start: CWD: /home/sam/Documents/Maj_Sem9/NodeJS/tp
11 silly lifecycle tp-nodejs@1.0.0~start: Args: [ '-c', 'node app.js' ]
12 silly lifecycle tp-nodejs@1.0.0~start: Returned: code: 1  signal: null
13 info lifecycle tp-nodejs@1.0.0~start: Failed to exec start script
14 verbose stack Error: tp-nodejs@1.0.0 start: `node app.js`
14 verbose stack Exit status 1
14 verbose stack     at EventEmitter.<anonymous> (/home/sam/InstallationMajSem9/nodejs/lib/node_modules/npm/lib/utils/lifecycle.js:255:16)
14 verbose stack     at EventEmitter.emit (events.js:110:17)
14 verbose stack     at ChildProcess.<anonymous> (/home/sam/InstallationMajSem9/nodejs/lib/node_modules/npm/lib/utils/spawn.js:40:14)
14 verbose stack     at ChildProcess.emit (events.js:110:17)
14 verbose stack     at maybeClose (child_process.js:1015:16)
14 verbose stack     at Process.ChildProcess._handle.onexit (child_process.js:1087:5)
15 verbose pkgid tp-nodejs@1.0.0
16 verbose cwd /home/sam/Documents/Maj_Sem9/NodeJS/tp
17 error Linux 3.13.0-43-generic
18 error argv "node" "/home/sam/InstallationMajSem9/nodejs/bin/npm" "start"
19 error node v0.12.7
20 error npm  v3.10.8
21 error code ELIFECYCLE
22 error tp-nodejs@1.0.0 start: `node app.js`
22 error Exit status 1
23 error Failed at the tp-nodejs@1.0.0 start script 'node app.js'.
23 error Make sure you have the latest version of node.js and npm installed.
23 error If you do, this is most likely a problem with the tp-nodejs package,
23 error not with npm itself.
23 error Tell the author that this fails on your system:
23 error     node app.js
23 error You can get information on how to open an issue for this project with:
23 error     npm bugs tp-nodejs
23 error Or if that isn't available, you can get their info via:
23 error     npm owner ls tp-nodejs
23 error There is likely additional logging output above.
24 verbose exit [ 1, true ]
